[2026-03-11 11:52:17] get_email_config: {"driver":"smtp","host":"smtp.gmail.com","port":587,"username":"","password":"(empty)","encryption":"tls","from_address":"noreply@outsourcedtechnologies.co.ke","from_name":"Outsourced Technologies"}
[2026-03-11 11:52:17] send_otp_email called - Email: gordonogolo@gmail.com, Purpose: password_reset, OTP: 143985
[2026-03-11 11:52:20] PHPMailer Exception: SMTP Error: Could not authenticate.
[2026-03-11 11:52:20] send_otp_email result - Success: false
[2026-03-11 11:52:20] Email send result: failed
[2026-03-11 11:52:20] get_email_config: {"driver":"smtp","host":"smtp.gmail.com","port":587,"username":"","password":"(empty)","encryption":"tls","from_address":"noreply@outsourcedtechnologies.co.ke","from_name":"Outsourced Technologies"}
[2026-03-11 11:52:20] send_otp_email called - Email: gordonogolo@gmail.com, Purpose: password_reset, OTP: 494168
[2026-03-11 11:52:25] PHPMailer Exception: SMTP Error: Could not authenticate.
[2026-03-11 11:52:25] send_otp_email result - Success: false
[2026-03-11 11:52:25] Email send result: failed
[2026-03-11 11:52:25] get_email_config: {"driver":"smtp","host":"smtp.gmail.com","port":587,"username":"","password":"(empty)","encryption":"tls","from_address":"noreply@outsourcedtechnologies.co.ke","from_name":"Outsourced Technologies"}
[2026-03-11 11:52:25] send_otp_email called - Email: gordonogolo@gmail.com, Purpose: password_reset, OTP: 328984
[2026-03-11 11:52:29] PHPMailer Exception: SMTP Error: Could not authenticate.
[2026-03-11 11:52:29] send_otp_email result - Success: false
[2026-03-11 11:52:29] Email send result: failed
[2026-03-11 11:52:29] get_email_config: {"driver":"smtp","host":"smtp.gmail.com","port":587,"username":"","password":"(empty)","encryption":"tls","from_address":"noreply@outsourcedtechnologies.co.ke","from_name":"Outsourced Technologies"}
[2026-03-11 11:52:29] send_otp_email called - Email: gordonogolo@gmail.com, Purpose: password_reset, OTP: 274611
[2026-03-11 11:52:32] PHPMailer Exception: SMTP Error: Could not authenticate.
[2026-03-11 11:52:32] send_otp_email result - Success: false
[2026-03-11 11:52:32] Email send result: failed
[2026-03-11 11:52:32] get_email_config: {"driver":"smtp","host":"smtp.gmail.com","port":587,"username":"","password":"(empty)","encryption":"tls","from_address":"noreply@outsourcedtechnologies.co.ke","from_name":"Outsourced Technologies"}
[2026-03-11 11:52:32] send_otp_email called - Email: gordonogolo@gmail.com, Purpose: password_reset, OTP: 551641
[2026-03-11 11:52:35] PHPMailer Exception: SMTP Error: Could not authenticate.
[2026-03-11 11:52:35] send_otp_email result - Success: false
[2026-03-11 11:52:35] Email send result: failed
[2026-03-11 11:57:04] get_email_config: {"driver":"smtp","host":"smtp.gmail.com","port":587,"username":"","password":"(empty)","encryption":"tls","from_address":"noreply@outsourcedtechnologies.co.ke","from_name":"Outsourced Technologies"}
[2026-03-11 11:57:04] send_otp_email called - Email: gordonogolo@gmail.com, Purpose: password_reset, OTP: 042055
[2026-03-11 11:57:09] PHPMailer Exception: SMTP Error: Could not authenticate.
[2026-03-11 11:57:09] send_otp_email result - Success: false
[2026-03-11 11:57:09] Email send result: failed
[2026-03-11 11:57:34] get_email_config: {"driver":"smtp","host":"smtp.gmail.com","port":587,"username":"","password":"(empty)","encryption":"tls","from_address":"noreply@outsourcedtechnologies.co.ke","from_name":"Outsourced Technologies"}
[2026-03-11 11:57:34] send_otp_email called - Email: gordonogolo@gmail.com, Purpose: password_reset, OTP: 786258
[2026-03-11 11:57:36] PHPMailer Exception: SMTP Error: Could not authenticate.
[2026-03-11 11:57:36] send_otp_email result - Success: false
[2026-03-11 11:57:36] Email send result: failed
[2026-03-11 11:57:42] get_email_config: {"driver":"smtp","host":"smtp.gmail.com","port":587,"username":"","password":"(empty)","encryption":"tls","from_address":"noreply@outsourcedtechnologies.co.ke","from_name":"Outsourced Technologies"}
[2026-03-11 11:57:42] send_otp_email called - Email: gordonogolo@gmail.com, Purpose: password_reset, OTP: 976645
[2026-03-11 11:57:45] PHPMailer Exception: SMTP Error: Could not authenticate.
[2026-03-11 11:57:45] send_otp_email result - Success: false
[2026-03-11 11:57:45] Email send result: failed
[2026-03-14 10:47:04] get_email_config: {"driver":"smtp","host":"smtp.gmail.com","port":587,"username":"","password":"(empty)","encryption":"tls","from_address":"noreply@outsourcedtechnologies.co.ke","from_name":"Outsourced Technologies"}
[2026-03-14 10:47:04] send_otp_email called - Email: gordonogolo@gmail.com, Purpose: password_reset, OTP: 077924
[2026-03-14 10:47:15] PHPMailer Exception: SMTP Error: Could not connect to SMTP host. Failed to connect to server
[2026-03-14 10:47:15] send_otp_email result - Success: false
[2026-03-14 10:47:15] Email send result: failed
[2026-03-14 10:47:15] get_email_config: {"driver":"smtp","host":"smtp.gmail.com","port":587,"username":"","password":"(empty)","encryption":"tls","from_address":"noreply@outsourcedtechnologies.co.ke","from_name":"Outsourced Technologies"}
[2026-03-14 10:47:15] send_otp_email called - Email: gordonogolo@gmail.com, Purpose: password_reset, OTP: 504417
[2026-03-14 10:47:44] PHPMailer Exception: SMTP Error: Could not connect to SMTP host. Failed to connect to server
[2026-03-14 10:47:44] send_otp_email result - Success: false
[2026-03-14 10:47:44] Email send result: failed
[2026-03-14 10:47:44] get_email_config: {"driver":"smtp","host":"smtp.gmail.com","port":587,"username":"","password":"(empty)","encryption":"tls","from_address":"noreply@outsourcedtechnologies.co.ke","from_name":"Outsourced Technologies"}
[2026-03-14 10:47:44] send_otp_email called - Email: gordonogolo@gmail.com, Purpose: password_reset, OTP: 185274
[2026-03-14 10:48:05] PHPMailer Exception: SMTP Error: Could not connect to SMTP host. Failed to connect to server
[2026-03-14 10:48:05] send_otp_email result - Success: false
[2026-03-14 10:48:05] Email send result: failed
[2026-03-14 10:48:05] get_email_config: {"driver":"smtp","host":"smtp.gmail.com","port":587,"username":"","password":"(empty)","encryption":"tls","from_address":"noreply@outsourcedtechnologies.co.ke","from_name":"Outsourced Technologies"}
[2026-03-14 10:48:05] send_otp_email called - Email: gordonogolo@gmail.com, Purpose: password_reset, OTP: 010248
[2026-03-14 10:48:26] PHPMailer Exception: SMTP Error: Could not connect to SMTP host. Failed to connect to server
[2026-03-14 10:48:26] send_otp_email result - Success: false
[2026-03-14 10:48:26] Email send result: failed
[2026-03-14 10:48:26] get_email_config: {"driver":"smtp","host":"smtp.gmail.com","port":587,"username":"","password":"(empty)","encryption":"tls","from_address":"noreply@outsourcedtechnologies.co.ke","from_name":"Outsourced Technologies"}
[2026-03-14 10:48:26] send_otp_email called - Email: gordonogolo@gmail.com, Purpose: password_reset, OTP: 749228
[2026-03-14 10:48:47] PHPMailer Exception: SMTP Error: Could not connect to SMTP host. Failed to connect to server
[2026-03-14 10:48:47] send_otp_email result - Success: false
[2026-03-14 10:48:47] Email send result: failed
[2026-03-14 10:48:47] get_email_config: {"driver":"smtp","host":"smtp.gmail.com","port":587,"username":"","password":"(empty)","encryption":"tls","from_address":"noreply@outsourcedtechnologies.co.ke","from_name":"Outsourced Technologies"}
[2026-03-14 10:48:47] send_otp_email called - Email: gordonogolo@gmail.com, Purpose: password_reset, OTP: 607190
[2026-03-14 10:48:58] PHPMailer Exception: SMTP Error: Could not connect to SMTP host. Failed to connect to server
[2026-03-14 10:48:58] send_otp_email result - Success: false
[2026-03-14 10:48:58] Email send result: failed
[2026-03-14 10:48:58] get_email_config: {"driver":"smtp","host":"smtp.gmail.com","port":587,"username":"","password":"(empty)","encryption":"tls","from_address":"noreply@outsourcedtechnologies.co.ke","from_name":"Outsourced Technologies"}
[2026-03-14 10:48:58] send_otp_email called - Email: gordonogolo@gmail.com, Purpose: password_reset, OTP: 554266
[2026-03-14 10:49:09] PHPMailer Exception: SMTP Error: Could not connect to SMTP host. Failed to connect to server
[2026-03-14 10:49:09] send_otp_email result - Success: false
[2026-03-14 10:49:09] Email send result: failed
[2026-03-14 10:49:09] get_email_config: {"driver":"smtp","host":"smtp.gmail.com","port":587,"username":"","password":"(empty)","encryption":"tls","from_address":"noreply@outsourcedtechnologies.co.ke","from_name":"Outsourced Technologies"}
[2026-03-14 10:49:09] send_otp_email called - Email: gordonogolo@gmail.com, Purpose: password_reset, OTP: 229410
[2026-03-14 10:49:20] PHPMailer Exception: SMTP Error: Could not connect to SMTP host. Failed to connect to server
[2026-03-14 10:49:20] send_otp_email result - Success: false
[2026-03-14 10:49:20] Email send result: failed
[2026-03-14 10:49:20] get_email_config: {"driver":"smtp","host":"smtp.gmail.com","port":587,"username":"","password":"(empty)","encryption":"tls","from_address":"noreply@outsourcedtechnologies.co.ke","from_name":"Outsourced Technologies"}
[2026-03-14 10:49:20] send_otp_email called - Email: gordonogolo@gmail.com, Purpose: password_reset, OTP: 846942
[2026-03-14 10:49:20] PHPMailer Exception: SMTP Error: Could not connect to SMTP host. Failed to connect to server
[2026-03-14 10:49:20] send_otp_email result - Success: false
[2026-03-14 10:49:20] Email send result: failed
[2026-03-14 13:17:26] get_email_config: {"driver":"smtp","host":"smtp.gmail.com","port":587,"username":"","password":"(empty)","encryption":"tls","from_address":"noreply@outsourcedtechnologies.co.ke","from_name":"Outsourced Technologies"}
[2026-03-14 13:17:29] PHPMailer Exception: SMTP Error: Could not authenticate.
[2026-03-14 13:20:27] get_email_config: {"driver":"smtp","host":"smtp.gmail.com","port":587,"username":"","password":"(empty)","encryption":"tls","from_address":"noreply@outsourcedtechnologies.co.ke","from_name":"Outsourced Technologies"}
[2026-03-14 13:20:31] PHPMailer Exception: SMTP Error: Could not authenticate.
[2026-03-19 07:27:08] get_email_config: {"driver":"smtp","host":"smtp.gmail.com","port":587,"username":"","password":"(empty)","encryption":"tls","from_address":"noreply@outsourcedtechnologies.co.ke","from_name":"Outsourced Technologies"}
[2026-03-19 07:27:08] send_otp_email called - Email: gordonogolo@gmail.com, Purpose: password_reset, OTP: 842489
[2026-03-19 07:27:11] PHPMailer Exception: SMTP Error: Could not authenticate.
[2026-03-19 07:27:11] send_otp_email result - Success: false
[2026-03-19 07:27:11] Email send result: failed
[2026-03-19 07:27:12] get_email_config: {"driver":"smtp","host":"smtp.gmail.com","port":587,"username":"","password":"(empty)","encryption":"tls","from_address":"noreply@outsourcedtechnologies.co.ke","from_name":"Outsourced Technologies"}
[2026-03-19 07:27:12] send_otp_email called - Email: gordonogolo@gmail.com, Purpose: password_reset, OTP: 993945
[2026-03-19 07:27:14] PHPMailer Exception: SMTP Error: Could not authenticate.
[2026-03-19 07:27:14] send_otp_email result - Success: false
[2026-03-19 07:27:14] Email send result: failed
[2026-03-19 07:29:54] get_email_config: {"driver":"smtp","host":"smtp.gmail.com","port":587,"username":"","password":"(empty)","encryption":"tls","from_address":"noreply@outsourcedtechnologies.co.ke","from_name":"Outsourced Technologies"}
[2026-03-19 07:29:54] send_otp_email called - Email: gordi14062002@gmail.com, Purpose: password_reset, OTP: 123456
[2026-03-19 07:29:56] send_otp_email result - Success: false
[2026-03-19 07:30:42] get_email_config: {"driver":"smtp","host":"smtp.gmail.com","port":587,"username":"","password":"(empty)","encryption":"tls","from_address":"noreply@outsourcedtechnologies.co.ke","from_name":"Outsourced Technologies"}
[2026-03-19 07:30:42] send_otp_email called - Email: gordi14062002@gmail.com, Purpose: password_reset, OTP: 123456
[2026-03-19 07:30:44] send_otp_email result - Success: false
[2026-03-19 07:33:06] get_email_config: {"driver":"smtp","host":"smtp.gmail.com","port":587,"username":"","password":"(empty)","encryption":"tls","from_address":"noreply@outsourcedtechnologies.co.ke","from_name":"Outsourced Technologies"}
[2026-03-19 07:33:06] send_otp_email called - Email: gordi14062002@gmail.com, Purpose: password_reset, OTP: 123456
[2026-03-19 07:33:08] PHPMailer Exception: SMTP Error: Could not authenticate.
[2026-03-19 07:33:08] send_otp_email result - Success: false
[2026-03-19 07:34:59] get_email_config: {"driver":"smtp","host":"smtp.gmail.com","port":587,"username":"gordi14062002@gmail.com","password":"****","encryption":"tls","from_address":"gordi14062002@gmail.com","from_name":"Outsourced Technologies"}
[2026-03-19 07:34:59] send_otp_email called - Email: gordi14062002@gmail.com, Purpose: password_reset, OTP: 123456
[2026-03-19 07:35:03] send_otp_email result - Success: true
[2026-03-19 07:38:09] get_email_config: {"driver":"smtp","host":"smtp.gmail.com","port":587,"username":"gordi14062002@gmail.com","password":"****","encryption":"tls","from_address":"gordi14062002@gmail.com","from_name":"Outsourced Technologies"}
[2026-03-19 07:38:09] send_otp_email called - Email: gordonogolo@gmail.com, Purpose: password_reset, OTP: 813443
[2026-03-19 07:38:14] send_otp_email result - Success: true
[2026-03-19 07:38:14] Email send result: success
[2026-03-19 07:38:26] get_email_config: {"driver":"smtp","host":"smtp.gmail.com","port":587,"username":"gordi14062002@gmail.com","password":"****","encryption":"tls","from_address":"gordi14062002@gmail.com","from_name":"Outsourced Technologies"}
[2026-03-19 07:38:26] send_otp_email called - Email: gordonogolo@gmail.com, Purpose: password_reset, OTP: 369232
[2026-03-19 07:38:30] send_otp_email result - Success: true
[2026-03-19 07:38:30] Email send result: success
[2026-03-19 07:45:06] get_email_config: {"driver":"smtp","host":"smtp.gmail.com","port":587,"username":"gordi14062002@gmail.com","password":"****","encryption":"tls","from_address":"gordi14062002@gmail.com","from_name":"Outsourced Technologies"}
[2026-03-19 07:45:06] send_otp_email called - Email: gordonogolo@gmail.com, Purpose: password_reset, OTP: 815814
[2026-03-19 07:45:12] send_otp_email result - Success: true
[2026-03-19 07:45:12] Email send result: success
[2026-03-19 07:45:30] get_email_config: {"driver":"smtp","host":"smtp.gmail.com","port":587,"username":"gordi14062002@gmail.com","password":"****","encryption":"tls","from_address":"gordi14062002@gmail.com","from_name":"Outsourced Technologies"}
[2026-03-19 07:45:30] send_otp_email called - Email: gordonogolo@gmail.com, Purpose: password_reset, OTP: 539286
[2026-03-19 07:45:34] send_otp_email result - Success: true
[2026-03-19 07:45:34] Email send result: success
[2026-03-19 07:58:01] get_email_config: {"driver":"smtp","host":"smtp.gmail.com","port":587,"username":"gordi14062002@gmail.com","password":"****","encryption":"tls","from_address":"gordi14062002@gmail.com","from_name":"Outsourced Technologies"}
[2026-03-19 07:58:01] send_otp_email called - Email: gordonogolo@gmail.com, Purpose: login_verification, OTP: 263455
[2026-03-19 07:58:05] send_otp_email result - Success: true
[2026-03-19 08:10:28] get_email_config: {"driver":"smtp","host":"smtp.gmail.com","port":587,"username":"gordi14062002@gmail.com","password":"****","encryption":"tls","from_address":"gordi14062002@gmail.com","from_name":"Outsourced Technologies"}
[2026-03-19 08:10:28] send_otp_email called - Email: gordonogolo@gmail.com, Purpose: login_verification, OTP: 630748
[2026-03-19 08:10:33] send_otp_email result - Success: true
